[22:28:04] [main/INFO]: Environment: authHost='https://authserver.mojang.com', accountsHost='https://api.mojang.com', sessionHost='https://sessionserver.mojang.com', servicesHost='https://api.minecraftservices.com', name='PROD'
[22:28:05] [main/INFO]: Found new data pack file/bukkit, loading it automatically
[22:28:06] [main/INFO]: Reloading ResourceManager: Default, bukkit
[22:28:07] [Worker-Main-4/INFO]: Loaded 7 recipes
[22:28:14] [Server thread/INFO]: Starting minecraft server version 1.16.5
[22:28:14] [Server thread/INFO]: Loading properties
[22:28:15] [Server thread/INFO]: This server is running Paper version git-Paper-788 (MC: 1.16.5) (Implementing API version 1.16.5-R0.1-SNAPSHOT)
[22:28:15] [Server thread/INFO]: Debug logging is disabled
[22:28:15] [Server thread/INFO]: Server Ping Player Sample Count: 12
[22:28:15] [Server thread/INFO]: Using 4 threads for Netty based IO
[22:28:15] [Server thread/INFO]: Default game type: SURVIVAL
[22:28:15] [Server thread/INFO]: Generating keypair
[22:28:16] [Server thread/INFO]: Starting Minecraft server on *:25565
[22:28:16] [Server thread/INFO]: Using default channel type
[22:28:17] [Server thread/INFO]: Preparing level "world"
[22:28:22] [Server thread/WARN]: Unable to find spawn biome
[22:28:24] [Server thread/WARN]: Unable to find spawn biome
[22:28:24] [Server thread/INFO]: Preparing start region for dimension minecraft:overworld
[22:28:25] [Worker-Main-6/INFO]: Preparing spawn area: 0%
[22:28:25] [Worker-Main-6/INFO]: Preparing spawn area: 0%
[22:28:25] [Server thread/INFO]: Time elapsed: 921 ms
[22:28:25] [Server thread/INFO]: Preparing start region for dimension minecraft:the_nether
[22:28:27] [Server thread/INFO]: Time elapsed: 1211 ms
[22:28:27] [Server thread/INFO]: Preparing start region for dimension minecraft:the_end
[22:28:28] [Worker-Main-1/INFO]: Preparing spawn area: 0%
[22:28:28] [Worker-Main-1/INFO]: Preparing spawn area: 0%
[22:28:28] [Worker-Main-1/INFO]: Preparing spawn area: 0%
[22:28:28] [Worker-Main-3/INFO]: Preparing spawn area: 0%
[22:28:28] [Server thread/INFO]: Time elapsed: 1917 ms
[22:28:29] [Server thread/INFO]: Running delayed init tasks
[22:28:29] [Server thread/INFO]: Done (14.281s)! For help, type "help"
[22:28:29] [Server thread/INFO]: Timings Reset
[22:28:39] [Server thread/INFO]: Stopping the server
[22:28:39] [Server thread/INFO]: Stopping server
[22:28:39] [Server thread/INFO]: Saving players
[22:28:39] [Server thread/INFO]: Saving worlds
[22:28:39] [Server thread/INFO]: Saving chunks for level 'ServerLevel[world]'/minecraft:overworld
[22:28:53] [Server thread/INFO]: ThreadedAnvilChunkStorage (world): All chunks are saved
[22:28:53] [Server thread/INFO]: Saving chunks for level 'ServerLevel[world_nether]'/minecraft:the_nether
[22:28:57] [Server thread/INFO]: ThreadedAnvilChunkStorage (DIM-1): All chunks are saved
[22:28:58] [Server thread/INFO]: Saving chunks for level 'ServerLevel[world_the_end]'/minecraft:the_end
[22:28:58] [Server thread/INFO]: ThreadedAnvilChunkStorage (DIM1): All chunks are saved
[22:28:58] [Server thread/INFO]: ThreadedAnvilChunkStorage (world): All chunks are saved
[22:28:58] [Server thread/INFO]: ThreadedAnvilChunkStorage (DIM-1): All chunks are saved
[22:28:59] [Server thread/INFO]: ThreadedAnvilChunkStorage (DIM1): All chunks are saved
[22:28:59] [Server thread/INFO]: Flushing Chunk IO
[22:28:59] [Server thread/INFO]: Closing Thread Pool
[22:28:59] [Server thread/INFO]: Closing Server
